

Started GET "/" for 127.0.0.1 at 2014-07-23 17:33:43 -0500

SyntaxError (/Users/apprentice/hashtaggregate/app/controllers/tweets_controller.rb:5: syntax error, unexpected keyword_do, expecting ')'
    @client.filter(:track => "#myworstbirthday" do |object|
                                                  ^
/Users/apprentice/hashtaggregate/app/controllers/tweets_controller.rb:6: syntax error, unexpected tIDENTIFIER, expecting keyword_do or '{' or '('
      p object.text if object.is_a?(Twitter::Tweet)
              ^
/Users/apprentice/hashtaggregate/app/controllers/tweets_controller.rb:10: syntax error, unexpected keyword_end, expecting end-of-input):
  app/controllers/tweets_controller.rb:5: syntax error, unexpected keyword_do, expecting ')'
  app/controllers/tweets_controller.rb:6: syntax error, unexpected tIDENTIFIER, expecting keyword_do or '{' or '('
  app/controllers/tweets_controller.rb:10: syntax error, unexpected keyword_end, expecting end-of-input


  Rendered /Users/apprentice/.rbenv/versions/2.0.0-p353/lib/ruby/gems/2.0.0/gems/actionpack-4.1.4/lib/action_dispatch/middleware/templates/rescues/_source.erb (0.6ms)
  Rendered /Users/apprentice/.rbenv/versions/2.0.0-p353/lib/ruby/gems/2.0.0/gems/actionpack-4.1.4/lib/action_dispatch/middleware/templates/rescues/_trace.html.erb (1.2ms)
  Rendered /Users/apprentice/.rbenv/versions/2.0.0-p353/lib/ruby/gems/2.0.0/gems/actionpack-4.1.4/lib/action_dispatch/middleware/templates/rescues/_request_and_response.html.erb (23.4ms)
  Rendered /Users/apprentice/.rbenv/versions/2.0.0-p353/lib/ruby/gems/2.0.0/gems/actionpack-4.1.4/lib/action_dispatch/middleware/templates/rescues/diagnostics.erb within rescues/layout (44.1ms)


Started GET "/" for 127.0.0.1 at 2014-07-23 17:33:58 -0500
Processing by TweetsController#stream as HTML
Completed 500 Internal Server Error in 1ms

NoMethodError (undefined method `filter' for nil:NilClass):
  app/controllers/tweets_controller.rb:5:in `stream'


  Rendered /Users/apprentice/.rbenv/versions/2.0.0-p353/lib/ruby/gems/2.0.0/gems/actionpack-4.1.4/lib/action_dispatch/middleware/templates/rescues/_source.erb (0.6ms)
  Rendered /Users/apprentice/.rbenv/versions/2.0.0-p353/lib/ruby/gems/2.0.0/gems/actionpack-4.1.4/lib/action_dispatch/middleware/templates/rescues/_trace.html.erb (1.2ms)
  Rendered /Users/apprentice/.rbenv/versions/2.0.0-p353/lib/ruby/gems/2.0.0/gems/actionpack-4.1.4/lib/action_dispatch/middleware/templates/rescues/_request_and_response.html.erb (1.0ms)
  Rendered /Users/apprentice/.rbenv/versions/2.0.0-p353/lib/ruby/gems/2.0.0/gems/actionpack-4.1.4/lib/action_dispatch/middleware/templates/rescues/diagnostics.erb within rescues/layout (16.2ms)


Started GET "/" for 127.0.0.1 at 2014-07-23 17:34:15 -0500

SyntaxError (/Users/apprentice/hashtaggregate/app/controllers/tweets_controller.rb:10: syntax error, unexpected end-of-input, expecting keyword_end):
  app/controllers/tweets_controller.rb:10: syntax error, unexpected end-of-input, expecting keyword_end


  Rendered /Users/apprentice/.rbenv/versions/2.0.0-p353/lib/ruby/gems/2.0.0/gems/actionpack-4.1.4/lib/action_dispatch/middleware/templates/rescues/_source.erb (0.6ms)
  Rendered /Users/apprentice/.rbenv/versions/2.0.0-p353/lib/ruby/gems/2.0.0/gems/actionpack-4.1.4/lib/action_dispatch/middleware/templates/rescues/_trace.html.erb (34.5ms)
  Rendered /Users/apprentice/.rbenv/versions/2.0.0-p353/lib/ruby/gems/2.0.0/gems/actionpack-4.1.4/lib/action_dispatch/middleware/templates/rescues/_request_and_response.html.erb (1.4ms)
  Rendered /Users/apprentice/.rbenv/versions/2.0.0-p353/lib/ruby/gems/2.0.0/gems/actionpack-4.1.4/lib/action_dispatch/middleware/templates/rescues/diagnostics.erb within rescues/layout (49.5ms)


Started GET "/" for 127.0.0.1 at 2014-07-23 17:36:10 -0500
Processing by TweetsController#stream as HTML
Completed 500 Internal Server Error in 1ms

NoMethodError (undefined method `filter' for nil:NilClass):
  app/controllers/tweets_controller.rb:5:in `stream'


  Rendered /Users/apprentice/.rbenv/versions/2.0.0-p353/lib/ruby/gems/2.0.0/gems/actionpack-4.1.4/lib/action_dispatch/middleware/templates/rescues/_source.erb (0.6ms)
  Rendered /Users/apprentice/.rbenv/versions/2.0.0-p353/lib/ruby/gems/2.0.0/gems/actionpack-4.1.4/lib/action_dispatch/middleware/templates/rescues/_trace.html.erb (1.2ms)
  Rendered /Users/apprentice/.rbenv/versions/2.0.0-p353/lib/ruby/gems/2.0.0/gems/actionpack-4.1.4/lib/action_dispatch/middleware/templates/rescues/_request_and_response.html.erb (0.9ms)
  Rendered /Users/apprentice/.rbenv/versions/2.0.0-p353/lib/ruby/gems/2.0.0/gems/actionpack-4.1.4/lib/action_dispatch/middleware/templates/rescues/diagnostics.erb within rescues/layout (15.6ms)


Started GET "/" for 127.0.0.1 at 2014-07-23 17:36:19 -0500

TypeError (no implicit conversion of Module into String):
  app/controllers/tweets_controller.rb:2:in `<class:TweetsController>'
  app/controllers/tweets_controller.rb:1:in `<top (required)>'


  Rendered /Users/apprentice/.rbenv/versions/2.0.0-p353/lib/ruby/gems/2.0.0/gems/actionpack-4.1.4/lib/action_dispatch/middleware/templates/rescues/_source.erb (0.6ms)
  Rendered /Users/apprentice/.rbenv/versions/2.0.0-p353/lib/ruby/gems/2.0.0/gems/actionpack-4.1.4/lib/action_dispatch/middleware/templates/rescues/_trace.html.erb (1.0ms)
  Rendered /Users/apprentice/.rbenv/versions/2.0.0-p353/lib/ruby/gems/2.0.0/gems/actionpack-4.1.4/lib/action_dispatch/middleware/templates/rescues/_request_and_response.html.erb (1.3ms)
  Rendered /Users/apprentice/.rbenv/versions/2.0.0-p353/lib/ruby/gems/2.0.0/gems/actionpack-4.1.4/lib/action_dispatch/middleware/templates/rescues/diagnostics.erb within rescues/layout (15.9ms)


Started GET "/" for 127.0.0.1 at 2014-07-23 17:37:30 -0500
Processing by TweetsController#stream as HTML
Completed 500 Internal Server Error in 1ms

NoMethodError (undefined method `filter' for nil:NilClass):
  app/controllers/tweets_controller.rb:5:in `stream'


  Rendered /Users/apprentice/.rbenv/versions/2.0.0-p353/lib/ruby/gems/2.0.0/gems/actionpack-4.1.4/lib/action_dispatch/middleware/templates/rescues/_source.erb (0.7ms)
  Rendered /Users/apprentice/.rbenv/versions/2.0.0-p353/lib/ruby/gems/2.0.0/gems/actionpack-4.1.4/lib/action_dispatch/middleware/templates/rescues/_trace.html.erb (1.1ms)
  Rendered /Users/apprentice/.rbenv/versions/2.0.0-p353/lib/ruby/gems/2.0.0/gems/actionpack-4.1.4/lib/action_dispatch/middleware/templates/rescues/_request_and_response.html.erb (0.9ms)
  Rendered /Users/apprentice/.rbenv/versions/2.0.0-p353/lib/ruby/gems/2.0.0/gems/actionpack-4.1.4/lib/action_dispatch/middleware/templates/rescues/diagnostics.erb within rescues/layout (15.5ms)


Started GET "/" for 127.0.0.1 at 2014-07-23 17:38:06 -0500
Processing by TweetsController#stream as HTML
Completed   in 174640ms


Started GET "/" for 127.0.0.1 at 2014-07-23 17:41:13 -0500
Processing by TweetsController#stream as HTML
Completed   in 638660ms
